<?xml version="1.0" encoding="UTF-8"?>
<testng-results skipped="4" failed="0" total="4" passed="0">
  <reporter-output>
  </reporter-output>
  <suite name="Default suite" duration-ms="1139" started-at="2014-09-30T23:59:04Z" finished-at="2014-09-30T23:59:05Z">
    <groups>
    </groups>
    <test name="Default test" duration-ms="1139" started-at="2014-09-30T23:59:04Z" finished-at="2014-09-30T23:59:05Z">
      <class name="com.test.FirstTestNGFile">
        <test-method status="PASS" signature="beforeTest()[pri:0, instance:com.test.FirstTestNGFile@4e096385]" name="beforeTest" is-config="true" duration-ms="1092" started-at="2014-09-30T19:59:04Z" finished-at="2014-09-30T19:59:05Z">
          <reporter-output>
          </reporter-output>
        </test-method> <!-- beforeTest -->
        <test-method status="FAIL" signature="beforeMethod()[pri:0, instance:com.test.FirstTestNGFile@4e096385]" name="beforeMethod" is-config="true" duration-ms="0" started-at="2014-09-30T19:59:05Z" finished-at="2014-09-30T19:59:05Z">
          <exception class="junit.framework.ComparisonFailure">
            <message>
              <![CDATA[expected:<Welcom[]: Mercury Tours> but was:<Welcom[e]: Mercury Tours>]]>
            </message>
            <full-stacktrace>
              <![CDATA[junit.framework.ComparisonFailure: expected:<Welcom[]: Mercury Tours> but was:<Welcom[e]: Mercury Tours>
	at junit.framework.Assert.assertEquals(Assert.java:100)
	at junit.framework.Assert.assertEquals(Assert.java:107)
	at com.test.FirstTestNGFile.beforeMethod(FirstTestNGFile.java:33)
	at sun.reflect.NativeMethodAccessorImpl.invoke0(Native Method)
	at sun.reflect.NativeMethodAccessorImpl.invoke(NativeMethodAccessorImpl.java:62)
	at sun.reflect.DelegatingMethodAccessorImpl.invoke(DelegatingMethodAccessorImpl.java:43)
	at java.lang.reflect.Method.invoke(Method.java:483)
	at org.testng.internal.MethodInvocationHelper.invokeMethod(MethodInvocationHelper.java:84)
	at org.testng.internal.Invoker.invokeConfigurationMethod(Invoker.java:564)
	at org.testng.internal.Invoker.invokeConfigurations(Invoker.java:213)
	at org.testng.internal.Invoker.invokeMethod(Invoker.java:653)
	at org.testng.internal.Invoker.invokeTestMethod(Invoker.java:901)
	at org.testng.internal.Invoker.invokeTestMethods(Invoker.java:1231)
	at org.testng.internal.TestMethodWorker.invokeTestMethods(TestMethodWorker.java:127)
	at org.testng.internal.TestMethodWorker.run(TestMethodWorker.java:111)
	at org.testng.TestRunner.privateRun(TestRunner.java:767)
	at org.testng.TestRunner.run(TestRunner.java:617)
	at org.testng.SuiteRunner.runTest(SuiteRunner.java:334)
	at org.testng.SuiteRunner.runSequentially(SuiteRunner.java:329)
	at org.testng.SuiteRunner.privateRun(SuiteRunner.java:291)
	at org.testng.SuiteRunner.run(SuiteRunner.java:240)
	at org.testng.SuiteRunnerWorker.runSuite(SuiteRunnerWorker.java:52)
	at org.testng.SuiteRunnerWorker.run(SuiteRunnerWorker.java:86)
	at org.testng.TestNG.runSuitesSequentially(TestNG.java:1224)
	at org.testng.TestNG.runSuitesLocally(TestNG.java:1149)
	at org.testng.TestNG.run(TestNG.java:1057)
	at org.testng.remote.RemoteTestNG.run(RemoteTestNG.java:111)
	at org.testng.remote.RemoteTestNG.initAndRun(RemoteTestNG.java:204)
	at org.testng.remote.RemoteTestNG.main(RemoteTestNG.java:175)
]]>
            </full-stacktrace>
          </exception> <!-- junit.framework.ComparisonFailure -->
          <reporter-output>
          </reporter-output>
        </test-method> <!-- beforeMethod -->
        <test-method status="SKIP" signature="testOne()[pri:0, instance:com.test.FirstTestNGFile@4e096385]" name="testOne" duration-ms="1" started-at="2014-09-30T19:59:05Z" finished-at="2014-09-30T19:59:05Z">
          <reporter-output>
          </reporter-output>
        </test-method> <!-- testOne -->
        <test-method status="SKIP" signature="afterMethod()[pri:0, instance:com.test.FirstTestNGFile@4e096385]" name="afterMethod" is-config="true" duration-ms="0" started-at="2014-09-30T19:59:05Z" finished-at="2014-09-30T19:59:05Z">
          <reporter-output>
          </reporter-output>
        </test-method> <!-- afterMethod -->
        <test-method status="SKIP" signature="beforeMethod()[pri:0, instance:com.test.FirstTestNGFile@4e096385]" name="beforeMethod" is-config="true" duration-ms="0" started-at="2014-09-30T19:59:05Z" finished-at="2014-09-30T19:59:05Z">
          <reporter-output>
          </reporter-output>
        </test-method> <!-- beforeMethod -->
        <test-method status="SKIP" signature="testTwo()[pri:0, instance:com.test.FirstTestNGFile@4e096385]" name="testTwo" duration-ms="0" started-at="2014-09-30T19:59:05Z" finished-at="2014-09-30T19:59:05Z">
          <reporter-output>
          </reporter-output>
        </test-method> <!-- testTwo -->
        <test-method status="SKIP" signature="afterMethod()[pri:0, instance:com.test.FirstTestNGFile@4e096385]" name="afterMethod" is-config="true" duration-ms="0" started-at="2014-09-30T19:59:05Z" finished-at="2014-09-30T19:59:05Z">
          <reporter-output>
          </reporter-output>
        </test-method> <!-- afterMethod -->
        <test-method status="SKIP" signature="beforeMethod()[pri:0, instance:com.test.FirstTestNGFile@4e096385]" name="beforeMethod" is-config="true" duration-ms="0" started-at="2014-09-30T19:59:05Z" finished-at="2014-09-30T19:59:05Z">
          <reporter-output>
          </reporter-output>
        </test-method> <!-- beforeMethod -->
        <test-method status="SKIP" signature="testThree()[pri:0, instance:com.test.FirstTestNGFile@4e096385]" name="testThree" duration-ms="1" started-at="2014-09-30T19:59:05Z" finished-at="2014-09-30T19:59:05Z">
          <reporter-output>
          </reporter-output>
        </test-method> <!-- testThree -->
        <test-method status="SKIP" signature="afterMethod()[pri:0, instance:com.test.FirstTestNGFile@4e096385]" name="afterMethod" is-config="true" duration-ms="0" started-at="2014-09-30T19:59:05Z" finished-at="2014-09-30T19:59:05Z">
          <reporter-output>
          </reporter-output>
        </test-method> <!-- afterMethod -->
        <test-method status="SKIP" signature="beforeMethod()[pri:0, instance:com.test.FirstTestNGFile@4e096385]" name="beforeMethod" is-config="true" duration-ms="0" started-at="2014-09-30T19:59:05Z" finished-at="2014-09-30T19:59:05Z">
          <reporter-output>
          </reporter-output>
        </test-method> <!-- beforeMethod -->
        <test-method status="SKIP" signature="testFore()[pri:0, instance:com.test.FirstTestNGFile@4e096385]" name="testFore" duration-ms="1" started-at="2014-09-30T19:59:05Z" finished-at="2014-09-30T19:59:05Z">
          <reporter-output>
          </reporter-output>
        </test-method> <!-- testFore -->
        <test-method status="SKIP" signature="afterMethod()[pri:0, instance:com.test.FirstTestNGFile@4e096385]" name="afterMethod" is-config="true" duration-ms="0" started-at="2014-09-30T19:59:05Z" finished-at="2014-09-30T19:59:05Z">
          <reporter-output>
          </reporter-output>
        </test-method> <!-- afterMethod -->
        <test-method status="SKIP" signature="afterTest()[pri:0, instance:com.test.FirstTestNGFile@4e096385]" name="afterTest" is-config="true" duration-ms="0" started-at="2014-09-30T19:59:05Z" finished-at="2014-09-30T19:59:05Z">
          <reporter-output>
          </reporter-output>
        </test-method> <!-- afterTest -->
      </class> <!-- com.test.FirstTestNGFile -->
    </test> <!-- Default test -->
  </suite> <!-- Default suite -->
</testng-results>
